[18.651s] DEBUG:colcon:Command line arguments: ['/usr/bin/colcon', 'build', '--packages-select', 'r2auto_nav']
[18.652s] DEBUG:colcon:Parsed command line arguments: Namespace(allow_overriding=[], ament_cmake_args=None, base_paths=['.'], build_base='build', catkin_cmake_args=None, catkin_skip_building_tests=False, cmake_args=None, cmake_clean_cache=False, cmake_clean_first=False, cmake_force_configure=False, cmake_target=None, cmake_target_skip_unavailable=False, continue_on_error=False, event_handlers=None, executor='parallel', ignore_user_meta=False, install_base='install', log_base=None, log_level=None, main=<bound method BuildVerb.main of <colcon_core.verb.build.BuildVerb object at 0xffffb1f25eb0>>, merge_install=False, metas=['./colcon.meta'], packages_above=None, packages_above_and_dependencies=None, packages_above_depth=None, packages_end=None, packages_ignore=None, packages_ignore_regex=None, packages_select=['r2auto_nav'], packages_select_build_failed=False, packages_select_by_dep=None, packages_select_regex=None, packages_select_test_failures=False, packages_skip=None, packages_skip_build_finished=False, packages_skip_by_dep=None, packages_skip_regex=None, packages_skip_test_passed=False, packages_skip_up_to=None, packages_start=None, packages_up_to=None, packages_up_to_regex=None, parallel_workers=4, paths=None, symlink_install=False, test_result_base=None, verb_extension=<colcon_core.verb.build.BuildVerb object at 0xffffb1f25eb0>, verb_name='build', verb_parser=<colcon_defaults.argument_parser.defaults.DefaultArgumentsDecorator object at 0xffffb1f0d2b0>)
[19.441s] Level 1:colcon.colcon_core.package_discovery:discover_packages(colcon_meta) check parameters
[19.442s] Level 1:colcon.colcon_core.package_discovery:discover_packages(recursive) check parameters
[19.442s] Level 1:colcon.colcon_core.package_discovery:discover_packages(ignore) check parameters
[19.442s] Level 1:colcon.colcon_core.package_discovery:discover_packages(path) check parameters
[19.442s] Level 1:colcon.colcon_core.package_discovery:discover_packages(colcon_meta) discover
[19.443s] Level 1:colcon.colcon_core.package_discovery:discover_packages(recursive) discover
[19.443s] INFO:colcon.colcon_core.package_discovery:Crawling recursively for packages in '/home/ubuntu/turtlebot3_ws/src/r2auto_nav/r2auto_nav'
[19.443s] Level 1:colcon.colcon_core.package_identification:_identify(.) by extensions ['ignore', 'ignore_ament_install']
[19.444s] Level 1:colcon.colcon_core.package_identification:_identify(.) by extension 'ignore'
[19.444s] Level 1:colcon.colcon_core.package_identification:_identify(.) by extension 'ignore_ament_install'
[19.444s] Level 1:colcon.colcon_core.package_identification:_identify(.) by extensions ['colcon_pkg']
[19.444s] Level 1:colcon.colcon_core.package_identification:_identify(.) by extension 'colcon_pkg'
[19.445s] Level 1:colcon.colcon_core.package_identification:_identify(.) by extensions ['colcon_meta']
[19.445s] Level 1:colcon.colcon_core.package_identification:_identify(.) by extension 'colcon_meta'
[19.445s] Level 1:colcon.colcon_core.package_identification:_identify(.) by extensions ['ros']
[19.445s] Level 1:colcon.colcon_core.package_identification:_identify(.) by extension 'ros'
[19.505s] DEBUG:colcon.colcon_core.package_identification:Package '.' with type 'ros.ament_python' and name 'auto_nav'
[19.506s] Level 1:colcon.colcon_core.package_discovery:discover_packages(recursive) using defaults
[19.506s] Level 1:colcon.colcon_core.package_discovery:discover_packages(ignore) discover
[19.506s] Level 1:colcon.colcon_core.package_discovery:discover_packages(ignore) using defaults
[19.506s] Level 1:colcon.colcon_core.package_discovery:discover_packages(path) discover
[19.506s] Level 1:colcon.colcon_core.package_discovery:discover_packages(path) using defaults
[19.833s] WARNING:colcon.colcon_core.package_selection:ignoring unknown package 'r2auto_nav' in --packages-select
[20.559s] INFO:colcon.colcon_core.package_selection:Skipping not selected package 'auto_nav' in '.'
[21.221s] Level 1:colcon.colcon_core.package_discovery:discover_packages(prefix_path) check parameters
[21.221s] Level 1:colcon.colcon_core.package_discovery:discover_packages(prefix_path) discover
[21.896s] DEBUG:colcon.colcon_installed_package_information.package_discovery:Found 10 installed packages in /home/ubuntu/turtlebot3_ws/install
[22.234s] DEBUG:colcon.colcon_installed_package_information.package_discovery:Found 171 installed packages in /opt/ros/foxy
[22.239s] Level 1:colcon.colcon_core.package_discovery:discover_packages(prefix_path) using defaults
[23.107s] INFO:colcon.colcon_core.executor:Executing jobs using 'parallel' executor
[23.442s] DEBUG:colcon.colcon_parallel_executor.executor.parallel:run_until_complete
[23.443s] DEBUG:colcon.colcon_parallel_executor.executor.parallel:closing loop
[23.443s] DEBUG:colcon.colcon_parallel_executor.executor.parallel:loop closed
[23.443s] DEBUG:colcon.colcon_parallel_executor.executor.parallel:run_until_complete finished with '0'
[23.444s] DEBUG:colcon.colcon_core.event_reactor:joining thread
[23.800s] INFO:colcon.colcon_core.plugin_system:Skipping extension 'colcon_notification.desktop_notification.notify_send': Could not find 'notify-send'
[23.801s] INFO:colcon.colcon_core.plugin_system:Skipping extension 'colcon_notification.desktop_notification.terminal_notifier': Not used on non-Darwin systems
[23.801s] INFO:colcon.colcon_core.plugin_system:Skipping extension 'colcon_notification.desktop_notification.win32': Not used on non-Windows systems
[23.802s] INFO:colcon.colcon_notification.desktop_notification:Sending desktop notification using 'notify2'
[23.804s] DEBUG:colcon.colcon_notification.desktop_notification.notify2:Failed to initialize notify2: org.freedesktop.DBus.Error.ServiceUnknown: The name org.freedesktop.Notifications was not provided by any .service files
[23.805s] DEBUG:colcon.colcon_core.event_reactor:joined thread
[24.148s] INFO:colcon.colcon_core.plugin_system:Skipping extension 'colcon_core.shell.bat': Not used on non-Windows systems
[24.149s] INFO:colcon.colcon_core.shell:Creating prefix script '/home/ubuntu/turtlebot3_ws/src/r2auto_nav/r2auto_nav/install/local_setup.ps1'
[24.152s] INFO:colcon.colcon_core.shell:Creating prefix util module '/home/ubuntu/turtlebot3_ws/src/r2auto_nav/r2auto_nav/install/_local_setup_util_ps1.py'
[24.158s] INFO:colcon.colcon_core.shell:Creating prefix chain script '/home/ubuntu/turtlebot3_ws/src/r2auto_nav/r2auto_nav/install/setup.ps1'
[24.540s] INFO:colcon.colcon_core.shell:Creating prefix script '/home/ubuntu/turtlebot3_ws/src/r2auto_nav/r2auto_nav/install/local_setup.sh'
[24.542s] INFO:colcon.colcon_core.shell:Creating prefix util module '/home/ubuntu/turtlebot3_ws/src/r2auto_nav/r2auto_nav/install/_local_setup_util_sh.py'
[24.545s] INFO:colcon.colcon_core.shell:Creating prefix chain script '/home/ubuntu/turtlebot3_ws/src/r2auto_nav/r2auto_nav/install/setup.sh'
[24.886s] INFO:colcon.colcon_core.shell:Creating prefix script '/home/ubuntu/turtlebot3_ws/src/r2auto_nav/r2auto_nav/install/local_setup.bash'
[24.889s] INFO:colcon.colcon_core.shell:Creating prefix chain script '/home/ubuntu/turtlebot3_ws/src/r2auto_nav/r2auto_nav/install/setup.bash'
[25.231s] INFO:colcon.colcon_core.shell:Creating prefix script '/home/ubuntu/turtlebot3_ws/src/r2auto_nav/r2auto_nav/install/local_setup.zsh'
[25.233s] INFO:colcon.colcon_core.shell:Creating prefix chain script '/home/ubuntu/turtlebot3_ws/src/r2auto_nav/r2auto_nav/install/setup.zsh'
